<?xml version="1.0" encoding="UTF-8"?>
<testng-results ignored="0" total="3" passed="3" failed="0" skipped="0">
  <reporter-output>
  </reporter-output>
  <suite started-at="2024-06-08T01:18:32 PST" name="Default suite" finished-at="2024-06-08T01:19:15 PST" duration-ms="42546">
    <groups>
    </groups>
    <test started-at="2024-06-08T01:18:32 PST" name="Default test" finished-at="2024-06-08T01:19:15 PST" duration-ms="42546">
      <class name="com.ian.project.test.testcases.PlanItTestCases">
        <test-method is-config="true" signature="setUp()[pri:0, instance:com.ian.project.test.testcases.PlanItTestCases@25fb8912]" started-at="2024-06-08T01:18:24 PST" name="setUp" finished-at="2024-06-08T01:18:32 PST" duration-ms="8226" status="PASS">
          <reporter-output>
          </reporter-output>
        </test-method> <!-- setUp -->
        <test-method signature="validateErrorMessageOnContact()[pri:0, instance:com.ian.project.test.testcases.PlanItTestCases@25fb8912]" started-at="2024-06-08T01:18:32 PST" name="validateErrorMessageOnContact" finished-at="2024-06-08T01:18:46 PST" duration-ms="13344" status="PASS">
          <reporter-output>
          </reporter-output>
        </test-method> <!-- validateErrorMessageOnContact -->
        <test-method signature="validatePricesOfPurchasedProducts()[pri:0, instance:com.ian.project.test.testcases.PlanItTestCases@25fb8912]" started-at="2024-06-08T01:18:46 PST" name="validatePricesOfPurchasedProducts" finished-at="2024-06-08T01:18:53 PST" duration-ms="7426" status="PASS">
          <reporter-output>
          </reporter-output>
        </test-method> <!-- validatePricesOfPurchasedProducts -->
        <test-method signature="validateSuccessfulFeedbackSubmission()[pri:0, instance:com.ian.project.test.testcases.PlanItTestCases@25fb8912]" started-at="2024-06-08T01:18:53 PST" name="validateSuccessfulFeedbackSubmission" finished-at="2024-06-08T01:19:15 PST" duration-ms="21744" status="PASS">
          <reporter-output>
          </reporter-output>
        </test-method> <!-- validateSuccessfulFeedbackSubmission -->
        <test-method is-config="true" signature="tearDown()[pri:0, instance:com.ian.project.test.testcases.PlanItTestCases@25fb8912]" started-at="2024-06-08T01:19:15 PST" name="tearDown" finished-at="2024-06-08T01:19:15 PST" duration-ms="120" status="PASS">
          <reporter-output>
          </reporter-output>
        </test-method> <!-- tearDown -->
      </class> <!-- com.ian.project.test.testcases.PlanItTestCases -->
    </test> <!-- Default test -->
  </suite> <!-- Default suite -->
</testng-results>
